[roslaunch][INFO] 1970-01-01 00:04:55,926: Checking log directory for disk usage. This may take awhile.
Press Ctrl-C to interrupt
[roslaunch][INFO] 1970-01-01 00:04:55,967: Done checking log file disk usage. Usage is <1GB.
[roslaunch][INFO] 1970-01-01 00:04:55,968: roslaunch starting with args ['roscore', '--core']
[roslaunch][INFO] 1970-01-01 00:04:55,970: roslaunch env is {'ROS_DISTRO': 'jade', 'LESSOPEN': '| /usr/bin/lesspipe %s', 'HUSHLOGIN': 'FALSE', 'CPATH': '/opt/ros/jade/include', 'LOGNAME': 'root', 'USER': 'root', 'PATH': '/opt/ros/jade/bin:/usr/local/sbin:/usr/local/bin:/usr/sbin:/usr/bin:/sbin:/bin:/usr/games:/usr/local/games', 'HOME': '/root', 'CMAKE_PREFIX_PATH': '/opt/ros/jade', 'LD_LIBRARY_PATH': '/opt/ros/jade/lib:/opt/ros/jade/lib/arm-linux-gnueabihf', 'LANG': 'C.UTF-8', 'TERM': 'linux', 'SHELL': '/bin/bash', 'SHLVL': '1', 'ROS_LOG_FILENAME': '/root/.ros/log/c388a402-1dd2-11b2-be8c-bd91919203e6/roslaunch-snickerdoodle-1749.log', 'ROS_ETC_DIR': '/opt/ros/jade/etc/ros', 'XDG_RUNTIME_DIR': '/run/user/0', 'PYTHONPATH': '/opt/ros/jade/lib/python2.7/dist-packages', 'ROS_ROOT': '/opt/ros/jade/share/ros', 'PKG_CONFIG_PATH': '/opt/ros/jade/lib/pkgconfig:/opt/ros/jade/lib/arm-linux-gnueabihf/pkgconfig', 'ROS_PACKAGE_PATH': '/opt/ros/jade/share:/opt/ros/jade/stacks', 'XDG_SESSION_ID': 'c1', '_': '/opt/ros/jade/bin/roscore', 'LESSCLOSE': '/usr/bin/lesspipe %s %s', 'OLDPWD': '/root', 'ROSLISP_PACKAGE_DIRECTORIES': '', 'PWD': '/root/workspace', 'ROS_MASTER_URI': 'http://localhost:11311', 'MAIL': '/var/mail/root', 'LS_COLORS': 'rs=0:di=01;34:ln=01;36:mh=00:pi=40;33:so=01;35:do=01;35:bd=40;33;01:cd=40;33;01:or=40;31;01:su=37;41:sg=30;43:ca=30;41:tw=30;42:ow=34;42:st=37;44:ex=01;32:*.tar=01;31:*.tgz=01;31:*.arj=01;31:*.taz=01;31:*.lzh=01;31:*.lzma=01;31:*.tlz=01;31:*.txz=01;31:*.zip=01;31:*.z=01;31:*.Z=01;31:*.dz=01;31:*.gz=01;31:*.lz=01;31:*.xz=01;31:*.bz2=01;31:*.bz=01;31:*.tbz=01;31:*.tbz2=01;31:*.tz=01;31:*.deb=01;31:*.rpm=01;31:*.jar=01;31:*.war=01;31:*.ear=01;31:*.sar=01;31:*.rar=01;31:*.ace=01;31:*.zoo=01;31:*.cpio=01;31:*.7z=01;31:*.rz=01;31:*.jpg=01;35:*.jpeg=01;35:*.gif=01;35:*.bmp=01;35:*.pbm=01;35:*.pgm=01;35:*.ppm=01;35:*.tga=01;35:*.xbm=01;35:*.xpm=01;35:*.tif=01;35:*.tiff=01;35:*.png=01;35:*.svg=01;35:*.svgz=01;35:*.mng=01;35:*.pcx=01;35:*.mov=01;35:*.mpg=01;35:*.mpeg=01;35:*.m2v=01;35:*.mkv=01;35:*.webm=01;35:*.ogm=01;35:*.mp4=01;35:*.m4v=01;35:*.mp4v=01;35:*.vob=01;35:*.qt=01;35:*.nuv=01;35:*.wmv=01;35:*.asf=01;35:*.rm=01;35:*.rmvb=01;35:*.flc=01;35:*.avi=01;35:*.fli=01;35:*.flv=01;35:*.gl=01;35:*.dl=01;35:*.xcf=01;35:*.xwd=01;35:*.yuv=01;35:*.cgm=01;35:*.emf=01;35:*.axv=01;35:*.anx=01;35:*.ogv=01;35:*.ogx=01;35:*.aac=00;36:*.au=00;36:*.flac=00;36:*.mid=00;36:*.midi=00;36:*.mka=00;36:*.mp3=00;36:*.mpc=00;36:*.ogg=00;36:*.ra=00;36:*.wav=00;36:*.axa=00;36:*.oga=00;36:*.spx=00;36:*.xspf=00;36:'}
[roslaunch][INFO] 1970-01-01 00:04:55,971: starting in server mode
[roslaunch.parent][INFO] 1970-01-01 00:04:55,973: starting roslaunch parent run
[roslaunch][INFO] 1970-01-01 00:04:55,980: loading roscore config file /opt/ros/jade/etc/ros/roscore.xml
[roslaunch][INFO] 1970-01-01 00:04:56,792: Added core node of type [rosout/rosout] in namespace [/]
[roslaunch.pmon][INFO] 1970-01-01 00:04:56,794: start_process_monitor: creating ProcessMonitor
[roslaunch.pmon][INFO] 1970-01-01 00:04:56,795: created process monitor <ProcessMonitor(ProcessMonitor-1, initial daemon)>
[roslaunch.pmon][INFO] 1970-01-01 00:04:56,797: start_process_monitor: ProcessMonitor started
[roslaunch.parent][INFO] 1970-01-01 00:04:56,798: starting parent XML-RPC server
[roslaunch.server][INFO] 1970-01-01 00:04:56,799: starting roslaunch XML-RPC server
[roslaunch.server][INFO] 1970-01-01 00:04:56,800: waiting for roslaunch XML-RPC server to initialize
[xmlrpc][INFO] 1970-01-01 00:04:56,801: XML-RPC server binding to 0.0.0.0:0
[xmlrpc][INFO] 1970-01-01 00:04:56,804: Started XML-RPC server [http://snickerdoodle:45212/]
[xmlrpc][INFO] 1970-01-01 00:04:56,805: xml rpc node: starting XML-RPC server
[roslaunch][INFO] 1970-01-01 00:04:56,826: started roslaunch server http://snickerdoodle:45212/
[roslaunch.parent][INFO] 1970-01-01 00:04:56,828: ... parent XML-RPC server started
[roslaunch][INFO] 1970-01-01 00:04:56,830: master.is_running[http://snickerdoodle:11311/]
[roslaunch][INFO] 1970-01-01 00:04:56,849: auto-starting new master
[roslaunch][INFO] 1970-01-01 00:04:56,850: create_master_process: rosmaster, /opt/ros/jade/share/ros, 11311, 3, None
[roslaunch][INFO] 1970-01-01 00:04:56,851: process[master]: launching with args [['rosmaster', '--core', '-p', '11311', '-w', '3']]
[roslaunch.pmon][INFO] 1970-01-01 00:04:56,852: ProcessMonitor.register[master]
[roslaunch.pmon][INFO] 1970-01-01 00:04:56,853: ProcessMonitor.register[master] complete
[roslaunch][INFO] 1970-01-01 00:04:56,853: process[master]: starting os process
[roslaunch][INFO] 1970-01-01 00:04:56,854: process[master]: start w/ args [['rosmaster', '--core', '-p', '11311', '-w', '3', '__log:=/root/.ros/log/c388a402-1dd2-11b2-be8c-bd91919203e6/master.log']]
[roslaunch][INFO] 1970-01-01 00:04:56,855: process[master]: cwd will be [/root/.ros]
[roslaunch][INFO] 1970-01-01 00:04:56,884: process[master]: started with pid [1761]
[roslaunch][INFO] 1970-01-01 00:04:56,886: master.is_running[http://snickerdoodle:11311/]
[roslaunch][INFO] 1970-01-01 00:04:56,991: master.is_running[http://snickerdoodle:11311/]
[roslaunch][INFO] 1970-01-01 00:04:57,094: master.is_running[http://snickerdoodle:11311/]
[roslaunch][INFO] 1970-01-01 00:04:57,198: master.is_running[http://snickerdoodle:11311/]
[roslaunch][INFO] 1970-01-01 00:04:57,301: master.is_running[http://snickerdoodle:11311/]
[roslaunch][INFO] 1970-01-01 00:04:57,404: master.is_running[http://snickerdoodle:11311/]
[roslaunch][INFO] 1970-01-01 00:04:57,508: master.is_running[http://snickerdoodle:11311/]
[roslaunch][INFO] 1970-01-01 00:04:57,617: master.is_running[http://snickerdoodle:11311/]
[roslaunch][INFO] 1970-01-01 00:04:57,720: master.is_running[http://snickerdoodle:11311/]
[roslaunch][INFO] 1970-01-01 00:04:57,824: master.is_running[http://snickerdoodle:11311/]
[roslaunch][INFO] 1970-01-01 00:04:57,927: master.is_running[http://snickerdoodle:11311/]
[roslaunch][INFO] 1970-01-01 00:04:58,030: master.is_running[http://snickerdoodle:11311/]
[roslaunch][INFO] 1970-01-01 00:04:58,133: master.is_running[http://snickerdoodle:11311/]
[roslaunch][INFO] 1970-01-01 00:04:58,145: master.is_running[http://snickerdoodle:11311/]
[roslaunch][INFO] 1970-01-01 00:04:58,153: ROS_MASTER_URI=http://snickerdoodle:11311/
[roslaunch][INFO] 1970-01-01 00:04:58,161: setting /run_id to c388a402-1dd2-11b2-be8c-bd91919203e6
[roslaunch][INFO] 1970-01-01 00:04:58,171: setting /roslaunch/uris/host_snickerdoodle__45212' to http://snickerdoodle:45212/
[roslaunch][INFO] 1970-01-01 00:04:58,188: ... preparing to launch node of type [rosout/rosout]
[roslaunch][INFO] 1970-01-01 00:04:58,189: create_node_process: package[rosout] type[rosout] machine[Machine(name[] env_loader[None] address[localhost] ssh_port[22] user[None] assignable[True] timeout[10.0])] master_uri[http://snickerdoodle:11311/]
[roslaunch][INFO] 1970-01-01 00:04:58,190: process[rosout-1]: env[{'ROS_DISTRO': 'jade', 'LESSOPEN': '| /usr/bin/lesspipe %s', 'HUSHLOGIN': 'FALSE', 'CPATH': '/opt/ros/jade/include', 'LOGNAME': 'root', 'USER': 'root', 'PATH': '/opt/ros/jade/bin:/usr/local/sbin:/usr/local/bin:/usr/sbin:/usr/bin:/sbin:/bin:/usr/games:/usr/local/games', 'HOME': '/root', 'CMAKE_PREFIX_PATH': '/opt/ros/jade', 'ROS_LOG_FILENAME': '/root/.ros/log/c388a402-1dd2-11b2-be8c-bd91919203e6/roslaunch-snickerdoodle-1749.log', 'LANG': 'C.UTF-8', 'TERM': 'linux', 'SHELL': '/bin/bash', 'SHLVL': '1', 'LD_LIBRARY_PATH': '/opt/ros/jade/lib:/opt/ros/jade/lib/arm-linux-gnueabihf', 'ROS_MASTER_URI': 'http://snickerdoodle:11311/', 'XDG_RUNTIME_DIR': '/run/user/0', 'PYTHONPATH': '/opt/ros/jade/lib/python2.7/dist-packages', 'ROS_ROOT': '/opt/ros/jade/share/ros', 'PKG_CONFIG_PATH': '/opt/ros/jade/lib/pkgconfig:/opt/ros/jade/lib/arm-linux-gnueabihf/pkgconfig', 'ROS_PACKAGE_PATH': '/opt/ros/jade/share:/opt/ros/jade/stacks', 'XDG_SESSION_ID': 'c1', '_': '/opt/ros/jade/bin/roscore', 'LESSCLOSE': '/usr/bin/lesspipe %s %s', 'OLDPWD': '/root', 'ROSLISP_PACKAGE_DIRECTORIES': '', 'PWD': '/root/workspace', 'ROS_ETC_DIR': '/opt/ros/jade/etc/ros', 'MAIL': '/var/mail/root', 'LS_COLORS': 'rs=0:di=01;34:ln=01;36:mh=00:pi=40;33:so=01;35:do=01;35:bd=40;33;01:cd=40;33;01:or=40;31;01:su=37;41:sg=30;43:ca=30;41:tw=30;42:ow=34;42:st=37;44:ex=01;32:*.tar=01;31:*.tgz=01;31:*.arj=01;31:*.taz=01;31:*.lzh=01;31:*.lzma=01;31:*.tlz=01;31:*.txz=01;31:*.zip=01;31:*.z=01;31:*.Z=01;31:*.dz=01;31:*.gz=01;31:*.lz=01;31:*.xz=01;31:*.bz2=01;31:*.bz=01;31:*.tbz=01;31:*.tbz2=01;31:*.tz=01;31:*.deb=01;31:*.rpm=01;31:*.jar=01;31:*.war=01;31:*.ear=01;31:*.sar=01;31:*.rar=01;31:*.ace=01;31:*.zoo=01;31:*.cpio=01;31:*.7z=01;31:*.rz=01;31:*.jpg=01;35:*.jpeg=01;35:*.gif=01;35:*.bmp=01;35:*.pbm=01;35:*.pgm=01;35:*.ppm=01;35:*.tga=01;35:*.xbm=01;35:*.xpm=01;35:*.tif=01;35:*.tiff=01;35:*.png=01;35:*.svg=01;35:*.svgz=01;35:*.mng=01;35:*.pcx=01;35:*.mov=01;35:*.mpg=01;35:*.mpeg=01;35:*.m2v=01;35:*.mkv=01;35:*.webm=01;35:*.ogm=01;35:*.mp4=01;35:*.m4v=01;35:*.mp4v=01;35:*.vob=01;35:*.qt=01;35:*.nuv=01;35:*.wmv=01;35:*.asf=01;35:*.rm=01;35:*.rmvb=01;35:*.flc=01;35:*.avi=01;35:*.fli=01;35:*.flv=01;35:*.gl=01;35:*.dl=01;35:*.xcf=01;35:*.xwd=01;35:*.yuv=01;35:*.cgm=01;35:*.emf=01;35:*.axv=01;35:*.anx=01;35:*.ogv=01;35:*.ogx=01;35:*.aac=00;36:*.au=00;36:*.flac=00;36:*.mid=00;36:*.midi=00;36:*.mka=00;36:*.mp3=00;36:*.mpc=00;36:*.ogg=00;36:*.ra=00;36:*.wav=00;36:*.axa=00;36:*.oga=00;36:*.spx=00;36:*.xspf=00;36:'}]
[roslaunch][INFO] 1970-01-01 00:04:58,313: process[rosout-1]: args[[u'/opt/ros/jade/lib/rosout/rosout', u'__name:=rosout']]
[roslaunch][INFO] 1970-01-01 00:04:58,314: ... created process [rosout-1]
[roslaunch.pmon][INFO] 1970-01-01 00:04:58,315: ProcessMonitor.register[rosout-1]
[roslaunch.pmon][INFO] 1970-01-01 00:04:58,316: ProcessMonitor.register[rosout-1] complete
[roslaunch][INFO] 1970-01-01 00:04:58,317: ... registered process [rosout-1]
[roslaunch][INFO] 1970-01-01 00:04:58,317: process[rosout-1]: starting os process
[roslaunch][INFO] 1970-01-01 00:04:58,319: process[rosout-1]: start w/ args [[u'/opt/ros/jade/lib/rosout/rosout', u'__name:=rosout', u'__log:=/root/.ros/log/c388a402-1dd2-11b2-be8c-bd91919203e6/rosout-1.log']]
[roslaunch][INFO] 1970-01-01 00:04:58,320: process[rosout-1]: cwd will be [/root/.ros]
[roslaunch][INFO] 1970-01-01 00:04:58,354: process[rosout-1]: started with pid [1774]
[roslaunch][INFO] 1970-01-01 00:04:58,357: ... successfully launched [rosout-1]
[roslaunch][INFO] 1970-01-01 00:04:58,359: load_parameters starting ...
[roslaunch][INFO] 1970-01-01 00:04:58,389: ... load_parameters complete
[roslaunch][INFO] 1970-01-01 00:04:58,390: launch_nodes: launching local nodes ...
[roslaunch][INFO] 1970-01-01 00:04:58,391: ... launch_nodes complete
[roslaunch.pmon][INFO] 1970-01-01 00:04:58,392: registrations completed <ProcessMonitor(ProcessMonitor-1, started daemon -1236638624)>
[roslaunch.parent][INFO] 1970-01-01 00:04:58,393: ... roslaunch parent running, waiting for process exit
[roslaunch][INFO] 1970-01-01 00:04:58,394: spin
[roslaunch.pmon][INFO] 1970-01-01 00:05:03,545: ProcessMonitor.shutdown <ProcessMonitor(ProcessMonitor-1, started daemon -1236638624)>
[roslaunch.pmon][INFO] 1970-01-01 00:05:03,617: ProcessMonitor._post_run <ProcessMonitor(ProcessMonitor-1, started daemon -1236638624)>
[roslaunch.pmon][INFO] 1970-01-01 00:05:03,618: ProcessMonitor._post_run <ProcessMonitor(ProcessMonitor-1, started daemon -1236638624)>: remaining procs are [<roslaunch.nodeprocess.LocalProcess object at 0xb64b7e70>, <roslaunch.nodeprocess.LocalProcess object at 0xb65e1430>]
[roslaunch.pmon][INFO] 1970-01-01 00:05:03,630: ProcessMonitor exit: killing rosout-1
[roslaunch][INFO] 1970-01-01 00:05:03,631: [rosout-1] killing on exit
[roslaunch][INFO] 1970-01-01 00:05:03,632: process[rosout-1]: killing os process with pid[1774] pgid[1774]
[roslaunch][INFO] 1970-01-01 00:05:03,633: [rosout-1] sending SIGINT to pgid [1774]
[roslaunch][INFO] 1970-01-01 00:05:03,634: [rosout-1] sent SIGINT to pgid [1774]
[roslaunch][INFO] 1970-01-01 00:05:03,935: process[rosout-1]: SIGINT killed with return value 0
[roslaunch.pmon][INFO] 1970-01-01 00:05:03,936: ProcessMonitor exit: killing master
[roslaunch][INFO] 1970-01-01 00:05:03,937: [master] killing on exit
[roslaunch][INFO] 1970-01-01 00:05:03,938: process[master]: killing os process with pid[1761] pgid[1761]
[roslaunch][INFO] 1970-01-01 00:05:03,939: [master] sending SIGINT to pgid [1761]
[roslaunch][INFO] 1970-01-01 00:05:03,940: [master] sent SIGINT to pgid [1761]
[roslaunch][INFO] 1970-01-01 00:05:04,141: process[master]: SIGINT killed with return value 0
[roslaunch.pmon][INFO] 1970-01-01 00:05:04,142: ProcessMonitor exit: cleaning up data structures and signals
[roslaunch.pmon][INFO] 1970-01-01 00:05:04,143: ProcessMonitor exit: pmon has shutdown
[roslaunch][INFO] 1970-01-01 00:05:04,160: process monitor is done spinning, initiating full shutdown
[roslaunch][INFO] 1970-01-01 00:05:04,161: runner.stop()
[roslaunch][INFO] 1970-01-01 00:05:04,162: shutting down processing monitor...
[roslaunch][INFO] 1970-01-01 00:05:04,163: shutting down processing monitor <ProcessMonitor(ProcessMonitor-1, stopped daemon -1236638624)>
[roslaunch.pmon][INFO] 1970-01-01 00:05:04,163: ProcessMonitor.shutdown <ProcessMonitor(ProcessMonitor-1, stopped daemon -1236638624)>
[roslaunch][INFO] 1970-01-01 00:05:04,164: ... shutting down processing monitor complete
[roslaunch][INFO] 1970-01-01 00:05:04,165: done
[roslaunch.pmon][INFO] 1970-01-01 00:05:04,166: ProcessMonitor.shutdown <ProcessMonitor(ProcessMonitor-1, stopped daemon -1236638624)>
[rospy.core][INFO] 1970-01-01 00:05:04,167: signal_shutdown [atexit]
