update-alternatives 1970-01-01 00:16:54: run with --install /usr/bin/mpirun mpirun /usr/bin/mpirun.openmpi 50 --slave /usr/share/man/man1/mpirun.1.gz mpirun.1.gz /usr/share/man/man1/mpirun.openmpi.1.gz --slave /usr/bin/mpiexec mpiexec /usr/bin/mpiexec.openmpi --slave /usr/share/man/man1/mpiexec.1.gz mpiexec.1.gz /usr/share/man/man1/mpiexec.openmpi.1.gz
update-alternatives 1970-01-01 00:16:54: link group mpirun updated to point to /usr/bin/mpirun.openmpi
update-alternatives 1970-01-01 00:17:07: run with --quiet --install /lib/cpp cpp /usr/bin/cpp 10
update-alternatives 1970-01-01 00:17:07: link group cpp updated to point to /usr/bin/cpp
update-alternatives 1970-01-01 00:17:08: run with --quiet --install /usr/bin/cc cc /usr/bin/gcc 20 --slave /usr/share/man/man1/cc.1.gz cc.1.gz /usr/share/man/man1/gcc.1.gz
update-alternatives 1970-01-01 00:17:08: link group cc updated to point to /usr/bin/gcc
update-alternatives 1970-01-01 00:17:08: run with --quiet --install /usr/bin/c89 c89 /usr/bin/c89-gcc 20 --slave /usr/share/man/man1/c89.1.gz c89.1.gz /usr/share/man/man1/c89-gcc.1.gz
update-alternatives 1970-01-01 00:17:08: link group c89 updated to point to /usr/bin/c89-gcc
update-alternatives 1970-01-01 00:17:08: run with --quiet --install /usr/bin/c99 c99 /usr/bin/c99-gcc 20 --slave /usr/share/man/man1/c99.1.gz c99.1.gz /usr/share/man/man1/c99-gcc.1.gz
update-alternatives 1970-01-01 00:17:08: link group c99 updated to point to /usr/bin/c99-gcc
update-alternatives 1970-01-01 00:17:09: run with --install /usr/lib/libblas.so.3 libblas.so.3 /usr/lib/libblas/libblas.so.3 10 --slave /usr/lib/libblas.so.3gf libblas.so.3gf /usr/lib/libblas/libblas.so.3
update-alternatives 1970-01-01 00:17:09: link group libblas.so.3 updated to point to /usr/lib/libblas/libblas.so.3
update-alternatives 1970-01-01 00:17:11: run with --install /usr/include/mpi mpi /usr/lib/openmpi/include 50 --slave /usr/lib/libmpi.so libmpi.so /usr/lib/openmpi/lib/libmpi.so --slave /usr/lib/libmpi++.so libmpi++.so /usr/lib/openmpi/lib/libmpi_cxx.so --slave /usr/lib/libmpif77.so libmpif77.so /usr/lib/openmpi/lib/libmpi_f77.so --slave /usr/lib/libmpif90.so libmpif90.so /usr/lib/openmpi/lib/libmpi_f90.so --slave /usr/bin/mpicc mpicc /usr/bin/mpicc.openmpi --slave /usr/bin/mpic++ mpic++ /usr/bin/mpic++.openmpi --slave /usr/bin/mpicxx mpicxx /usr/bin/mpic++.openmpi --slave /usr/bin/mpiCC mpiCC /usr/bin/mpic++.openmpi --slave /usr/bin/mpif77 mpif77 /usr/bin/mpif77.openmpi --slave /usr/bin/mpif90 mpif90 /usr/bin/mpif90.openmpi --slave /usr/share/man/man1/mpicc.1.gz mpicc.1.gz /usr/share/man/man1/mpicc.openmpi.1.gz --slave /usr/share/man/man1/mpic++.1.gz mpic++.1.gz /usr/share/man/man1/mpic++.openmpi.1.gz --slave /usr/share/man/man1/mpicxx.1.gz mpicxx.1.gz /usr/share/man/man1/mpicxx.openmpi.1.gz --slave /usr/share/man/man1/mpiCC.1.gz mpiCC.1.gz /usr/share/man/man1/mpiCC.openmpi.1.gz --slave /usr/share/man/man1/mpif77.1.gz mpif77.1.gz /usr/share/man/man1/mpif77.openmpi.1.gz --slave /usr/share/man/man1/mpif90.1.gz mpif90.1.gz /usr/share/man/man1/mpif90.openmpi.1.gz
update-alternatives 1970-01-01 00:17:11: link group mpi updated to point to /usr/lib/openmpi/include
update-alternatives 1970-01-01 00:17:13: run with --install /usr/lib/liblapack.so.3 liblapack.so.3 /usr/lib/lapack/liblapack.so.3 10 --slave /usr/lib/liblapack.so.3gf liblapack.so.3gf /usr/lib/lapack/liblapack.so.3
update-alternatives 1970-01-01 00:17:13: link group liblapack.so.3 updated to point to /usr/lib/lapack/liblapack.so.3
update-alternatives 1970-01-01 00:17:42: run with --install /usr/bin/rst-buildhtml rst-buildhtml /usr/share/docutils/scripts/python2/rst-buildhtml 30
update-alternatives 1970-01-01 00:17:42: link group rst-buildhtml updated to point to /usr/share/docutils/scripts/python2/rst-buildhtml
update-alternatives 1970-01-01 00:17:42: run with --install /usr/bin/rst2html rst2html /usr/share/docutils/scripts/python2/rst2html 30
update-alternatives 1970-01-01 00:17:42: link group rst2html updated to point to /usr/share/docutils/scripts/python2/rst2html
update-alternatives 1970-01-01 00:17:42: run with --install /usr/bin/rst2latex rst2latex /usr/share/docutils/scripts/python2/rst2latex 30
update-alternatives 1970-01-01 00:17:42: link group rst2latex updated to point to /usr/share/docutils/scripts/python2/rst2latex
update-alternatives 1970-01-01 00:17:42: run with --install /usr/bin/rst2man rst2man /usr/share/docutils/scripts/python2/rst2man 30
update-alternatives 1970-01-01 00:17:42: link group rst2man updated to point to /usr/share/docutils/scripts/python2/rst2man
update-alternatives 1970-01-01 00:17:42: run with --install /usr/bin/rst2odt rst2odt /usr/share/docutils/scripts/python2/rst2odt 30
update-alternatives 1970-01-01 00:17:42: link group rst2odt updated to point to /usr/share/docutils/scripts/python2/rst2odt
update-alternatives 1970-01-01 00:17:42: run with --install /usr/bin/rst2odt_prepstyles rst2odt_prepstyles /usr/share/docutils/scripts/python2/rst2odt_prepstyles 30
update-alternatives 1970-01-01 00:17:42: link group rst2odt_prepstyles updated to point to /usr/share/docutils/scripts/python2/rst2odt_prepstyles
update-alternatives 1970-01-01 00:17:42: run with --install /usr/bin/rst2pseudoxml rst2pseudoxml /usr/share/docutils/scripts/python2/rst2pseudoxml 30
update-alternatives 1970-01-01 00:17:42: link group rst2pseudoxml updated to point to /usr/share/docutils/scripts/python2/rst2pseudoxml
update-alternatives 1970-01-01 00:17:42: run with --install /usr/bin/rst2s5 rst2s5 /usr/share/docutils/scripts/python2/rst2s5 30
update-alternatives 1970-01-01 00:17:42: link group rst2s5 updated to point to /usr/share/docutils/scripts/python2/rst2s5
update-alternatives 1970-01-01 00:17:42: run with --install /usr/bin/rst2xetex rst2xetex /usr/share/docutils/scripts/python2/rst2xetex 30
update-alternatives 1970-01-01 00:17:42: link group rst2xetex updated to point to /usr/share/docutils/scripts/python2/rst2xetex
update-alternatives 1970-01-01 00:17:42: run with --install /usr/bin/rst2xml rst2xml /usr/share/docutils/scripts/python2/rst2xml 30
update-alternatives 1970-01-01 00:17:42: link group rst2xml updated to point to /usr/share/docutils/scripts/python2/rst2xml
update-alternatives 1970-01-01 00:17:42: run with --install /usr/bin/rstpep2html rstpep2html /usr/share/docutils/scripts/python2/rstpep2html 30
update-alternatives 1970-01-01 00:17:42: link group rstpep2html updated to point to /usr/share/docutils/scripts/python2/rstpep2html
update-alternatives 1970-01-01 00:21:22: run with --install /usr/bin/c++ c++ /usr/bin/g++ 20 --slave /usr/share/man/man1/c++.1.gz c++.1.gz /usr/share/man/man1/g++.1.gz
update-alternatives 1970-01-01 00:21:22: link group c++ updated to point to /usr/bin/g++
update-alternatives 1970-01-01 00:21:22: run with --install /usr/bin/lzma lzma /usr/bin/xz 20 --slave /usr/share/man/man1/lzma.1.gz lzma.1.gz /usr/share/man/man1/xz.1.gz --slave /usr/bin/unlzma unlzma /usr/bin/unxz --slave /usr/share/man/man1/unlzma.1.gz unlzma.1.gz /usr/share/man/man1/unxz.1.gz --slave /usr/bin/lzcat lzcat /usr/bin/xzcat --slave /usr/share/man/man1/lzcat.1.gz lzcat.1.gz /usr/share/man/man1/xzcat.1.gz --slave /usr/bin/lzmore lzmore /usr/bin/xzmore --slave /usr/share/man/man1/lzmore.1.gz lzmore.1.gz /usr/share/man/man1/xzmore.1.gz --slave /usr/bin/lzless lzless /usr/bin/xzless --slave /usr/share/man/man1/lzless.1.gz lzless.1.gz /usr/share/man/man1/xzless.1.gz --slave /usr/bin/lzdiff lzdiff /usr/bin/xzdiff --slave /usr/share/man/man1/lzdiff.1.gz lzdiff.1.gz /usr/share/man/man1/xzdiff.1.gz --slave /usr/bin/lzcmp lzcmp /usr/bin/xzcmp --slave /usr/share/man/man1/lzcmp.1.gz lzcmp.1.gz /usr/share/man/man1/xzcmp.1.gz --slave /usr/bin/lzgrep lzgrep /usr/bin/xzgrep --slave /usr/share/man/man1/lzgrep.1.gz lzgrep.1.gz /usr/share/man/man1/xzgrep.1.gz --slave /usr/bin/lzegrep lzegrep /usr/bin/xzegrep --slave /usr/share/man/man1/lzegrep.1.gz lzegrep.1.gz /usr/share/man/man1/xzegrep.1.gz --slave /usr/bin/lzfgrep lzfgrep /usr/bin/xzfgrep --slave /usr/share/man/man1/lzfgrep.1.gz lzfgrep.1.gz /usr/share/man/man1/xzfgrep.1.gz
update-alternatives 1970-01-01 00:21:22: link group lzma updated to point to /usr/bin/xz
update-alternatives 1970-01-01 00:21:22: run with --install /usr/bin/fakeroot fakeroot /usr/bin/fakeroot-sysv 50 --slave /usr/share/man/man1/fakeroot.1.gz fakeroot.1.gz /usr/share/man/man1/fakeroot-sysv.1.gz --slave /usr/share/man/man1/faked.1.gz faked.1.gz /usr/share/man/man1/faked-sysv.1.gz --slave /usr/share/man/es/man1/fakeroot.1.gz fakeroot.es.1.gz /usr/share/man/es/man1/fakeroot-sysv.1.gz --slave /usr/share/man/es/man1/faked.1.gz faked.es.1.gz /usr/share/man/es/man1/faked-sysv.1.gz --slave /usr/share/man/fr/man1/fakeroot.1.gz fakeroot.fr.1.gz /usr/share/man/fr/man1/fakeroot-sysv.1.gz --slave /usr/share/man/fr/man1/faked.1.gz faked.fr.1.gz /usr/share/man/fr/man1/faked-sysv.1.gz --slave /usr/share/man/sv/man1/fakeroot.1.gz fakeroot.sv.1.gz /usr/share/man/sv/man1/fakeroot-sysv.1.gz --slave /usr/share/man/sv/man1/faked.1.gz faked.sv.1.gz /usr/share/man/sv/man1/faked-sysv.1.gz
update-alternatives 1970-01-01 00:21:22: link group fakeroot updated to point to /usr/bin/fakeroot-sysv
update-alternatives 1970-01-01 00:21:22: run with --install /usr/bin/fakeroot fakeroot /usr/bin/fakeroot-tcp 30 --slave /usr/share/man/man1/fakeroot.1.gz fakeroot.1.gz /usr/share/man/man1/fakeroot-tcp.1.gz --slave /usr/share/man/man1/faked.1.gz faked.1.gz /usr/share/man/man1/faked-tcp.1.gz --slave /usr/share/man/es/man1/fakeroot.1.gz fakeroot.es.1.gz /usr/share/man/es/man1/fakeroot-tcp.1.gz --slave /usr/share/man/es/man1/faked.1.gz faked.es.1.gz /usr/share/man/es/man1/faked-tcp.1.gz --slave /usr/share/man/fr/man1/fakeroot.1.gz fakeroot.fr.1.gz /usr/share/man/fr/man1/fakeroot-tcp.1.gz --slave /usr/share/man/fr/man1/faked.1.gz faked.fr.1.gz /usr/share/man/fr/man1/faked-tcp.1.gz --slave /usr/share/man/sv/man1/fakeroot.1.gz fakeroot.sv.1.gz /usr/share/man/sv/man1/fakeroot-tcp.1.gz --slave /usr/share/man/sv/man1/faked.1.gz faked.sv.1.gz /usr/share/man/sv/man1/faked-tcp.1.gz
